proguard/mapping.txt
com.android.shakeanswer.AutoAnswerIntentService -> com.android.shakeanswer.AutoAnswerIntentService:
    void onHandleIntent(android.content.Intent) -> onHandleIntent
    void enableSpeakerPhone(android.content.Context) -> a
    void answerPhoneHeadsethook(android.content.Context) -> b
    void answerPhoneAidl(android.content.Context) -> c
com.android.shakeanswer.BaiduStatistic -> com.android.shakeanswer.a:
    void onResume(android.content.Context) -> a
    void onPause(android.content.Context) -> b
com.android.shakeanswer.BaseActivity -> com.android.shakeanswer.b:
    void onResume() -> onResume
    void onPause() -> onPause
com.android.shakeanswer.MainActivity -> com.android.shakeanswer.MainActivity:
    android.widget.Button btn1 -> a
    android.content.ComponentName receiver -> b
    void onCreate(android.os.Bundle) -> onCreate
    void onResume() -> onResume
    void onPause() -> onPause
    void findView() -> a
    void onClick(android.view.View) -> onClick
    void setReceiverEnable(java.lang.Boolean) -> a
    boolean checkReceiver() -> b
com.android.shakeanswer.PhoneReceiver -> com.android.shakeanswer.PhoneReceiver:
    com.android.shakeanswer.ShakeMgr mShakeMgr -> a
    void onReceive(android.content.Context,android.content.Intent) -> onReceive
    void ringing(android.content.Context) -> a
    void offHook(android.content.Context) -> b
    void idle(android.content.Context) -> c
com.android.shakeanswer.PhoneReceiver$1 -> com.android.shakeanswer.c:
    com.android.shakeanswer.PhoneReceiver this$0 -> a
    android.content.Context val$context -> b
    void onShake() -> a
com.android.shakeanswer.ShakeMgr -> com.android.shakeanswer.d:
    android.hardware.SensorManager sensorManager -> a
    android.hardware.Sensor sensor -> b
    android.hardware.Sensor sensorlight -> c
    android.hardware.SensorEventListener mSensorEventListenerForLight -> d
    float light -> e
    com.android.shakeanswer.ShakeMgr$OnShakeListener onShakeListener -> f
    boolean mFlagRes -> g
    float x -> h
    float y -> i
    float z -> j
    double currentspeed -> k
    double maxspeed -> l
    int breakcount -> m
    boolean mIsDay -> n
    void start(android.content.Context) -> a
    void stop(android.content.Context) -> b
    void onSensorChanged(android.hardware.SensorEvent) -> onSensorChanged
    void onAccuracyChanged(android.hardware.Sensor,int) -> onAccuracyChanged
    void access$0(com.android.shakeanswer.ShakeMgr,float) -> a
    float access$1(com.android.shakeanswer.ShakeMgr) -> a
    com.android.shakeanswer.ShakeMgr$OnShakeListener access$2(com.android.shakeanswer.ShakeMgr) -> b
com.android.shakeanswer.ShakeMgr$1 -> com.android.shakeanswer.e:
    com.android.shakeanswer.ShakeMgr this$0 -> a
    void onSensorChanged(android.hardware.SensorEvent) -> onSensorChanged
    void onAccuracyChanged(android.hardware.Sensor,int) -> onAccuracyChanged
com.android.shakeanswer.ShakeMgr$OnShakeListener -> com.android.shakeanswer.f:
    void onShake() -> a
...
com.baidu.mobstat.Build -> com.a.a.a:
    java.lang.String a -> a
    int b -> b
    boolean c -> c
    java.lang.String d -> d
com.baidu.mobstat.CooperService -> com.a.a.b:
    com.baidu.mobstat.ae a -> a
    com.baidu.mobstat.CooperService b -> b
    org.json.JSONObject c -> c
    java.lang.String d -> d
    java.util.HashMap e -> e
    com.baidu.mobstat.CooperService a() -> a
    com.baidu.mobstat.ae b() -> b
    java.lang.String a(java.lang.String,android.content.Context) -> a
    java.lang.String a(android.content.Context) -> j
    java.lang.String getMacID(android.content.Context) -> a
    java.lang.String getMacIDForTv(android.content.Context) -> b
    java.lang.String getCUID(android.content.Context,boolean) -> a
    java.lang.String getDeviceId(android.telephony.TelephonyManager,android.content.Context) -> a
    java.lang.String getAppChannel(android.content.Context) -> c
    java.lang.String b(android.content.Context) -> k
    java.lang.String c(android.content.Context) -> l
    java.lang.String getAppKey(android.content.Context) -> d
    int getAppVersionCode(android.content.Context) -> e
    java.lang.String getAppVersionName(android.content.Context) -> f
    java.lang.String getOperator(android.telephony.TelephonyManager) -> a
    java.lang.String getLinkedWay(android.content.Context) -> g
    java.lang.String getOSVersion() -> c
    java.lang.String getOSSysVersion() -> d
    java.lang.String getPhoneModel() -> e
    boolean checkGPSLocationSetting(android.content.Context) -> h
    boolean checkCellLocationSetting(android.content.Context) -> i
com.baidu.mobstat.DataCore -> com.a.a.c:
    int a -> a
    int b -> b
    org.json.JSONObject c -> c
    org.json.JSONArray d -> d
    org.json.JSONArray e -> e
    org.json.JSONArray f -> f
    org.json.JSONArray g -> g
    boolean h -> h
    com.baidu.mobstat.DataCore i -> i
    com.baidu.mobstat.DataCore getInstance() -> a
    void putSession(org.json.JSONObject,boolean) -> a
    void putSession(java.lang.String) -> a
    void putEvent(org.json.JSONObject,boolean) -> b
    void putException(org.json.JSONObject,boolean) -> c
    void putException(long,java.lang.String,java.lang.String,java.lang.String) -> a
    void installHeader(android.content.Context) -> a
    void flush(android.content.Context) -> b
    void a(boolean) -> a
    boolean a() -> c
    void loadLastSession(android.content.Context) -> c
    void loadWifiData(android.content.Context) -> d
    void loadStatData(android.content.Context) -> e
    boolean sendLogData(android.content.Context,java.lang.String,java.lang.String) -> a
    boolean isPartEmpty() -> b
    void a(android.content.Context) -> f
com.baidu.mobstat.SendStrategyEnum -> com.a.a.d:
    com.baidu.mobstat.SendStrategyEnum APP_START -> a
    com.baidu.mobstat.SendStrategyEnum ONCE_A_DAY -> b
    com.baidu.mobstat.SendStrategyEnum SET_TIME_INTERVAL -> c
    com.baidu.mobstat.SendStrategyEnum[] a -> d
    com.baidu.mobstat.SendStrategyEnum[] values() -> values
    com.baidu.mobstat.SendStrategyEnum valueOf(java.lang.String) -> valueOf
com.baidu.mobstat.StatService -> com.a.a.e:
    boolean a -> a
    boolean a(java.lang.Class,java.lang.String) -> a
    void onResume(android.content.Context) -> a
    void onPause(android.content.Context) -> b
    boolean a(android.content.Context,java.lang.String) -> a
    void b(android.content.Context) -> c
com.baidu.mobstat.a -> com.a.a.f:
    byte[] a(java.lang.String,java.lang.String,byte[]) -> a
    byte[] b(java.lang.String,java.lang.String,byte[]) -> b
com.baidu.mobstat.ad -> com.a.a.g:
    com.baidu.mobstat.ad a -> a
    boolean b -> b
    com.baidu.mobstat.ad a() -> a
    void a(android.content.Context) -> a
    void b(android.content.Context) -> b